[2026-06-18 11:36:23] NEAR MISS - would be BUY 1/4, 1 short @ 4248.73 | RSI 26.6 | Trend(H1) UP | reasons: H1 trend is UP
[2026-06-18 13:54:45] NEAR MISS - would be BUY 1/4, 1 short @ 4258.66 | RSI 44.59 | Trend(H1) UP | reasons: H1 trend is UP
[2026-06-18 14:27:04] NEAR MISS - would be BUY 1/4, 1 short @ 4254.47 | RSI 44.83 | Trend(H1) UP | reasons: H1 trend is UP
[2026-06-18 14:29:12] NEAR MISS - would be BUY 1/4, 1 short @ 4253.37 | RSI 44.17 | Trend(H1) UP | reasons: H1 trend is UP
[2026-06-18 14:38:39] NEAR MISS - would be BUY 1/4, 1 short @ 4250.06 | RSI 42.21 | Trend(H1) UP | reasons: H1 trend is UP
[2026-06-18 21:35:45] SUPPRESSED (volatility) - would have been BUY 2/4 @ 4209.87 | ATR 6.777 vs baseline 9.966 (ratio 0.7) | reasons: Price near support (4208.05), H1 trend is UP
[2026-06-19 19:16:15] SUPPRESSED (volatility) - would have been BUY 2/4 @ 4156.61 | ATR 4.626 vs baseline 8.24 (ratio 0.7) | reasons: RSI healthy/bullish at 52.0, Price near support (4151.79)
[2026-06-19 22:39:38] SUPPRESSED (volatility) - would have been BUY 2/4 @ 4156.64 | ATR 1.892 vs baseline 6.566 (ratio 0.7) | reasons: RSI healthy/bullish at 52.0, Price near support (4156.28)
[2026-06-20 10:14:28] SUPPRESSED (volatility) - would have been BUY 2/4 @ 4156.64 | ATR 0.303 vs baseline 0.852 (ratio 0.7) | reasons: RSI healthy/bullish at 52.4, Price near support (4156.49)
[2026-06-22 22:28:18] SUPPRESSED (volatility) - would have been BUY 2/4 @ 4191.71 | ATR 4.131 vs baseline 7.191 (ratio 0.7) | reasons: RSI healthy/bullish at 51.6, Price near support (4191.11)
[2026-06-23 22:20:43] SUPPRESSED (volatility) - would have been SELL 2/4 @ 4112.34 | ATR 4.845 vs baseline 8.671 (ratio 0.7) | reasons: RSI healthy/bearish at 41.3, H1 trend is DOWN
[2026-06-24 22:04:15] NEAR MISS - would be BUY 1/4, 1 short @ 4008.65 | RSI 56.31 | Trend(H1) DOWN | reasons: RSI healthy/bullish at 56.3
[2026-06-25 23:03:42] SUPPRESSED (volatility) - would have been SELL 3/4 @ 4025.56 | ATR 6.874 vs baseline 10.534 (ratio 0.7) | reasons: RSI healthy/bearish at 48.6, Price near resistance (4027.31), H1 trend is DOWN
[2026-06-27 08:11:40] SUPPRESSED (volatility) - would have been BUY 2/4 @ 4080.91 | ATR 0.554 vs baseline 3.298 (ratio 0.7) | reasons: RSI healthy/bullish at 55.4, Price near support (4080.77)
[2026-06-27 12:17:27] SUPPRESSED (volatility) - would have been BUY 2/4 @ 4080.91 | ATR 0.331 vs baseline 1.223 (ratio 0.7) | reasons: RSI healthy/bullish at 54.5, Price near support (4080.76)
[2026-06-27 16:41:18] SUPPRESSED (volatility) - would have been SELL 3/4 @ 4080.79 | ATR 0.267 vs baseline 0.521 (ratio 0.7) | reasons: RSI healthy/bearish at 47.8, Price near resistance (4081.00), H1 trend is DOWN
[2026-06-29 21:10:22] SUPPRESSED (volatility) - would have been SELL 3/4 @ 4016.3 | ATR 5.843 vs baseline 8.427 (ratio 0.7) | reasons: RSI healthy/bearish at 43.9, Price near resistance (4018.00), H1 trend is DOWN
[2026-06-30 22:03:05] SUPPRESSED (volatility) - would have been SELL 2/4 @ 4013.17 | ATR 5.252 vs baseline 8.672 (ratio 0.7) | reasons: RSI healthy/bearish at 43.2, H1 trend is DOWN
[2026-07-01 10:56:52] NEAR MISS - would be BUY 1/4, 1 short @ 3994.3 | RSI 64.37 | Trend(H1) DOWN | reasons: RSI healthy/bullish at 64.4
[2026-07-01 18:22:14] NEAR MISS - would be BUY 1/4, 1 short @ 4066.03 | RSI 54.27 | Trend(H1) DOWN | reasons: RSI healthy/bullish at 54.3
[2026-07-01 22:51:09] SUPPRESSED (volatility) - would have been SELL 2/4 @ 4043.31 | ATR 6.219 vs baseline 10.348 (ratio 0.7) | reasons: RSI healthy/bearish at 47.8, H1 trend is DOWN
[2026-07-03 20:34:21] SUPPRESSED (volatility) - would have been BUY 3/4 @ 4175.05 | ATR 2.308 vs baseline 5.778 (ratio 0.7) | reasons: RSI healthy/bullish at 55.6, Price near support (4174.59), H1 trend is UP
[2026-07-04 07:29:26] SUPPRESSED (volatility) - would have been BUY 3/4 @ 4174.96 | ATR 0.343 vs baseline 1.209 (ratio 0.7) | reasons: RSI healthy/bullish at 52.5, Price near support (4174.61), H1 trend is UP
[2026-07-04 11:57:19] SUPPRESSED (volatility) - would have been BUY 2/4 @ 4174.88 | ATR 0.276 vs baseline 0.511 (ratio 0.7) | reasons: Price near support (4174.84), H1 trend is UP
[2026-07-05 09:47:32] SUPPRESSED (volatility) - would have been BUY 2/4 @ 4174.88 | ATR 0.292 vs baseline 0.567 (ratio 0.7) | reasons: Price near support (4174.85), H1 trend is UP
[2026-07-05 22:35:32] NEAR MISS - would be BUY 1/4, 1 short @ 4186.98 | RSI 96.91 | Trend(H1) UP | reasons: H1 trend is UP
[2026-07-06 23:40:42] SUPPRESSED (volatility) - would have been BUY 3/4 @ 4163.22 | ATR 3.528 vs baseline 6.484 (ratio 0.7) | reasons: RSI healthy/bullish at 53.8, Price near support (4161.04), H1 trend is UP
[2026-07-07 22:39:37] NEAR MISS - would be SELL 1/4, 1 short @ 4101.13 | RSI 70.14 | Trend(H1) DOWN | reasons: H1 trend is DOWN
[2026-07-08 13:17:30] NEAR MISS - would be BUY 1/4, 1 short @ 4073.37 | RSI 47.91 | Trend(H1) UP | reasons: H1 trend is UP
[2026-07-08 18:53:24] NEAR MISS - would be BUY 1/4, 1 short @ 4091.07 | RSI 66.55 | Trend(H1) DOWN | reasons: RSI healthy/bullish at 66.5
